TN:
SF:script/DeployDSC.s.sol
DA:14,43
FN:14,DeployDSC.run
FNDA:43,DeployDSC.run
DA:15,43
DA:16,43
DA:17,43
DA:19,43
DA:20,43
DA:21,43
DA:22,43
DA:23,43
DA:24,43
DA:26,43
DA:27,43
FNF:1
FNH:1
LF:12
LH:12
BRF:0
BRH:0
end_of_record
TN:
SF:script/HelperConfig.s.sol
DA:25,43
FN:25,HelperConfig.constructor
FNDA:43,HelperConfig.constructor
DA:26,43
BRDA:26,0,0,-
BRDA:26,0,1,43
DA:27,0
DA:29,43
DA:33,0
FN:33,HelperConfig.getSepoliaEthConfig
FNDA:0,HelperConfig.getSepoliaEthConfig
DA:34,0
DA:43,43
FN:43,HelperConfig.getOrCreateAnvilEthConfig
FNDA:43,HelperConfig.getOrCreateAnvilEthConfig
DA:45,43
BRDA:45,1,0,-
DA:46,0
DA:49,43
DA:50,43
DA:51,43
DA:53,43
DA:54,43
DA:55,43
DA:56,43
FNF:3
FNH:2
LF:16
LH:12
BRF:3
BRH:1
end_of_record
TN:
SF:src/DSCEngine.sol
DA:93,4
FN:93,DSCEngine.moreThanZero
FNDA:4,DSCEngine.moreThanZero
DA:94,4
BRDA:94,0,0,1
DA:95,1
DA:100,16535
FN:100,DSCEngine.isAllowedToken
FNDA:16535,DSCEngine.isAllowedToken
DA:101,16535
BRDA:101,1,0,1
DA:102,1
DA:110,47
FN:110,DSCEngine.constructor
FNDA:47,DSCEngine.constructor
DA:111,47
BRDA:111,2,0,1
DA:112,1
DA:115,46
DA:116,89
DA:117,89
DA:120,46
DA:132,13
FN:132,DSCEngine.depositCollateralAndMintDsc
FNDA:13,DSCEngine.depositCollateralAndMintDsc
DA:137,13
DA:138,13
DA:142,1
FN:142,DSCEngine.redeemCollateralForDsc
FNDA:1,DSCEngine.redeemCollateralForDsc
DA:145,1
DA:146,0
DA:147,0
DA:154,3
FN:154,DSCEngine.redeemCollateral
FNDA:3,DSCEngine.redeemCollateral
DA:159,1
DA:160,0
DA:161,0
DA:164,16523
FN:164,DSCEngine.depositCollateral
FNDA:16523,DSCEngine.depositCollateral
DA:170,16534
DA:171,16534
DA:172,16534
DA:174,16534
BRDA:174,3,0,1
DA:175,1
DA:195,4
FN:195,DSCEngine.mintDsc
FNDA:4,DSCEngine.mintDsc
DA:196,15
DA:198,15
DA:199,13
DA:200,13
BRDA:200,4,0,1
DA:201,1
DA:205,4
FN:205,DSCEngine.burnDsc
FNDA:4,DSCEngine.burnDsc
DA:206,2
DA:207,1
DA:221,4
FN:221,DSCEngine.liquidate
FNDA:4,DSCEngine.liquidate
DA:227,3
DA:228,3
BRDA:228,5,0,1
DA:229,1
DA:231,2
DA:232,2
DA:233,2
DA:234,2
DA:235,2
DA:237,2
DA:238,2
BRDA:238,6,0,-
DA:239,0
DA:242,2
DA:255,5
FN:255,DSCEngine._burnDsc
FNDA:5,DSCEngine._burnDsc
DA:256,5
DA:257,4
DA:258,4
BRDA:258,7,0,-
DA:259,0
DA:261,4
DA:264,3
FN:264,DSCEngine._redeemCollateral
FNDA:3,DSCEngine._redeemCollateral
DA:267,3
DA:268,3
DA:270,3
DA:271,3
BRDA:271,8,0,1
DA:272,1
DA:276,29
FN:276,DSCEngine._getAccountInformation
FNDA:29,DSCEngine._getAccountInformation
DA:281,29
DA:282,29
DA:289,26
FN:289,DSCEngine._healthFactor
FNDA:26,DSCEngine._healthFactor
DA:290,26
DA:291,26
DA:294,28
FN:294,DSCEngine._calculateHealthFactor
FNDA:28,DSCEngine._calculateHealthFactor
DA:299,28
DA:300,24
DA:301,24
DA:304,18
FN:304,DSCEngine._revertIgHealthFactorIsBroken
FNDA:18,DSCEngine._revertIgHealthFactorIsBroken
DA:305,18
DA:306,18
BRDA:306,10,0,2
DA:307,2
DA:314,2
FN:314,DSCEngine.calculateHealthFactor
FNDA:2,DSCEngine.calculateHealthFactor
DA:319,2
DA:322,1
FN:322,DSCEngine.getCollateralBalanceOfUser
FNDA:1,DSCEngine.getCollateralBalanceOfUser
DA:323,1
DA:326,5
FN:326,DSCEngine.getTokenAmountFromUsd
FNDA:5,DSCEngine.getTokenAmountFromUsd
DA:327,7
DA:328,7
DA:330,7
DA:333,1
FN:333,DSCEngine.getAccountCollateralValue
FNDA:1,DSCEngine.getAccountCollateralValue
DA:334,30
DA:335,59
DA:336,59
DA:337,59
DA:339,0
DA:342,7
FN:342,DSCEngine.getUsdValue
FNDA:7,DSCEngine.getUsdValue
DA:343,66
DA:344,66
DA:346,66
DA:347,66
DA:350,3
FN:350,DSCEngine.getAccountInformation
FNDA:3,DSCEngine.getAccountInformation
DA:355,3
DA:358,2
FN:358,DSCEngine.getPrecision
FNDA:2,DSCEngine.getPrecision
DA:359,2
DA:362,2
FN:362,DSCEngine.getAdditionalFeedPrecision
FNDA:2,DSCEngine.getAdditionalFeedPrecision
DA:363,2
DA:366,1
FN:366,DSCEngine.getLiquidationThreshold
FNDA:1,DSCEngine.getLiquidationThreshold
DA:367,1
DA:370,3
FN:370,DSCEngine.getLiquidationBonus
FNDA:3,DSCEngine.getLiquidationBonus
DA:371,3
DA:374,3
FN:374,DSCEngine.getLiquidationPrecision
FNDA:3,DSCEngine.getLiquidationPrecision
DA:375,3
DA:378,1
FN:378,DSCEngine.getMinHealthFactor
FNDA:1,DSCEngine.getMinHealthFactor
DA:379,1
DA:382,2
FN:382,DSCEngine.getCollateralTokens
FNDA:2,DSCEngine.getCollateralTokens
DA:383,2
DA:386,2
FN:386,DSCEngine.getDsc
FNDA:2,DSCEngine.getDsc
DA:387,2
DA:390,1
FN:390,DSCEngine.getCollateralTokenPriceFeed
FNDA:1,DSCEngine.getCollateralTokenPriceFeed
DA:391,1
DA:394,3
FN:394,DSCEngine.getHealthFactor
FNDA:3,DSCEngine.getHealthFactor
DA:395,3
FNF:32
FNH:32
LF:119
LH:112
BRF:10
BRH:8
end_of_record
TN:
SF:src/DecentralizedStableCoin.sol
DA:44,4
FN:44,DecentralizedStableCoin.burn
FNDA:4,DecentralizedStableCoin.burn
DA:45,4
DA:46,4
BRDA:46,0,0,1
DA:47,1
DA:49,3
BRDA:49,1,0,-
DA:50,0
DA:53,3
DA:56,12
FN:56,DecentralizedStableCoin.mint
FNDA:12,DecentralizedStableCoin.mint
DA:57,12
BRDA:57,2,0,-
DA:58,0
DA:60,12
BRDA:60,3,0,-
DA:61,0
DA:63,12
DA:64,12
FNF:2
FNH:2
LF:14
LH:11
BRF:4
BRH:1
end_of_record
TN:
SF:test/fuzz/Handler.t.sol
DA:19,1
FN:19,Handler.constructor
FNDA:1,Handler.constructor
DA:20,1
DA:21,1
DA:23,1
DA:24,1
DA:25,1
BRDA:25,0,0,-
BRDA:25,0,1,1
DA:26,1
DA:27,1
DA:31,16512
FN:31,Handler.depositCollateral
FNDA:16512,Handler.depositCollateral
DA:32,16512
DA:33,16512
DA:34,16512
DA:35,16512
DA:36,16512
DA:37,16512
DA:38,16512
DA:42,16512
FN:42,Handler._getCollateralFromSeed
FNDA:16512,Handler._getCollateralFromSeed
DA:43,16512
BRDA:43,1,0,8247
DA:44,8247
DA:46,8265
FNF:3
FNH:3
LF:20
LH:20
BRF:3
BRH:2
end_of_record
TN:
SF:test/mocks/ERC20Mock.sol
DA:7,1
FN:7,ERC20Mock.constructor
FNDA:1,ERC20Mock.constructor
DA:11,1
DA:14,0
FN:14,ERC20Mock.mint
FNDA:0,ERC20Mock.mint
DA:15,0
DA:18,0
FN:18,ERC20Mock.burn
FNDA:0,ERC20Mock.burn
DA:19,0
DA:22,0
FN:22,ERC20Mock.transferInternal
FNDA:0,ERC20Mock.transferInternal
DA:23,0
DA:26,0
FN:26,ERC20Mock.approveInternal
FNDA:0,ERC20Mock.approveInternal
DA:27,0
FNF:5
FNH:1
LF:10
LH:2
BRF:0
BRH:0
end_of_record
TN:
SF:test/mocks/MockFailedMintDSC.sol
DA:22,0
FN:22,MockFailedMintDSC.burn
FNDA:0,MockFailedMintDSC.burn
DA:23,0
DA:24,0
BRDA:24,0,0,-
DA:25,0
DA:27,0
BRDA:27,1,0,-
DA:28,0
DA:30,0
DA:33,1
FN:33,MockFailedMintDSC.mint
FNDA:1,MockFailedMintDSC.mint
DA:34,1
BRDA:34,2,0,-
DA:35,0
DA:37,1
BRDA:37,3,0,-
DA:38,0
DA:40,1
DA:41,1
FNF:2
FNH:1
LF:14
LH:5
BRF:4
BRH:0
end_of_record
TN:
SF:test/mocks/MockFailedTransfer.sol
DA:22,0
FN:22,MockFailedTransfer.burn
FNDA:0,MockFailedTransfer.burn
DA:23,0
DA:24,0
BRDA:24,0,0,-
DA:25,0
DA:27,0
BRDA:27,1,0,-
DA:28,0
DA:30,0
DA:33,1
FN:33,MockFailedTransfer.mint
FNDA:1,MockFailedTransfer.mint
DA:34,1
DA:37,1
FN:37,MockFailedTransfer.transfer
FNDA:1,MockFailedTransfer.transfer
DA:38,1
FNF:3
FNH:2
LF:11
LH:4
BRF:2
BRH:0
end_of_record
TN:
SF:test/mocks/MockFailedTransferFrom.sol
DA:22,0
FN:22,MockFailedTransferFrom.burn
FNDA:0,MockFailedTransferFrom.burn
DA:23,0
DA:24,0
BRDA:24,0,0,-
DA:25,0
DA:27,0
BRDA:27,1,0,-
DA:28,0
DA:30,0
DA:33,1
FN:33,MockFailedTransferFrom.mint
FNDA:1,MockFailedTransferFrom.mint
DA:34,1
DA:37,1
FN:37,MockFailedTransferFrom.transferFrom
FNDA:1,MockFailedTransferFrom.transferFrom
DA:43,1
FNF:3
FNH:2
LF:11
LH:4
BRF:2
BRH:0
end_of_record
TN:
SF:test/mocks/MockMoreDebtDSC.sol
DA:58,0
FN:58,MockMoreDebtDSC.constructor
FNDA:0,MockMoreDebtDSC.constructor
DA:59,0
DA:62,0
FN:62,MockMoreDebtDSC.burn
FNDA:0,MockMoreDebtDSC.burn
DA:64,0
DA:65,0
DA:66,0
BRDA:66,0,0,-
DA:67,0
DA:69,0
BRDA:69,1,0,-
DA:70,0
DA:72,0
DA:75,0
FN:75,MockMoreDebtDSC.mint
FNDA:0,MockMoreDebtDSC.mint
DA:76,0
BRDA:76,2,0,-
DA:77,0
DA:79,0
BRDA:79,3,0,-
DA:80,0
DA:82,0
DA:83,0
FNF:3
FNH:0
LF:17
LH:0
BRF:4
BRH:0
end_of_record
TN:
SF:test/mocks/MockV3Aggregator.sol
DA:24,86
FN:24,MockV3Aggregator.constructor
FNDA:86,MockV3Aggregator.constructor
DA:25,86
DA:26,86
DA:29,88
FN:29,MockV3Aggregator.updateAnswer
FNDA:88,MockV3Aggregator.updateAnswer
DA:30,88
DA:31,88
DA:32,88
DA:33,88
DA:34,88
DA:35,88
DA:38,0
FN:38,MockV3Aggregator.updateRoundData
FNDA:0,MockV3Aggregator.updateRoundData
DA:39,0
DA:40,0
DA:41,0
DA:42,0
DA:43,0
DA:44,0
DA:47,0
FN:47,MockV3Aggregator.getRoundData
FNDA:0,MockV3Aggregator.getRoundData
DA:52,0
DA:55,74
FN:55,MockV3Aggregator.latestRoundData
FNDA:74,MockV3Aggregator.latestRoundData
DA:60,74
DA:69,0
FN:69,MockV3Aggregator.description
FNDA:0,MockV3Aggregator.description
DA:70,0
FNF:6
FNH:3
LF:23
LH:12
BRF:0
BRH:0
end_of_record
