TN:
SF:script/DeployDSC.s.sol
DA:14,29
FN:14,DeployDSC.run
FNDA:29,DeployDSC.run
DA:15,29
DA:16,29
DA:17,29
DA:19,29
DA:20,29
DA:21,29
DA:22,29
DA:23,29
DA:24,29
DA:26,29
DA:27,29
FNF:1
FNH:1
LF:12
LH:12
BRF:0
BRH:0
end_of_record
TN:
SF:script/HelperConfig.s.sol
DA:25,29
FN:25,HelperConfig.constructor
FNDA:29,HelperConfig.constructor
DA:26,29
BRDA:26,0,0,-
BRDA:26,0,1,29
DA:27,0
DA:29,29
DA:33,0
FN:33,HelperConfig.getSepoliaEthConfig
FNDA:0,HelperConfig.getSepoliaEthConfig
DA:34,0
DA:43,29
FN:43,HelperConfig.getOrCreateAnvilEthConfig
FNDA:29,HelperConfig.getOrCreateAnvilEthConfig
DA:45,29
BRDA:45,1,0,-
DA:46,0
DA:49,29
DA:50,29
DA:51,29
DA:53,29
DA:54,29
DA:55,29
DA:56,29
FNF:3
FNH:2
LF:16
LH:12
BRF:3
BRH:1
end_of_record
TN:
SF:src/DSCEngine.sol
DA:93,1
FN:93,DSCEngine.moreThanZero
FNDA:1,DSCEngine.moreThanZero
DA:94,1
BRDA:94,0,0,1
DA:95,1
DA:100,8
FN:100,DSCEngine.isAllowedToken
FNDA:8,DSCEngine.isAllowedToken
DA:101,8
BRDA:101,1,0,1
DA:102,1
DA:110,31
FN:110,DSCEngine.constructor
FNDA:31,DSCEngine.constructor
DA:111,31
BRDA:111,2,0,1
DA:112,1
DA:115,30
DA:116,59
DA:119,30
DA:131,1
FN:131,DSCEngine.depositCollateralAndMintDsc
FNDA:1,DSCEngine.depositCollateralAndMintDsc
DA:136,1
DA:137,1
DA:141,1
FN:141,DSCEngine.redeemCollateralForDsc
FNDA:1,DSCEngine.redeemCollateralForDsc
DA:144,1
DA:145,0
DA:146,0
DA:153,1
FN:153,DSCEngine.redeemCollateral
FNDA:1,DSCEngine.redeemCollateral
DA:158,0
DA:159,0
DA:160,0
DA:163,8
FN:163,DSCEngine.depositCollateral
FNDA:8,DSCEngine.depositCollateral
DA:169,7
DA:170,7
DA:171,7
DA:173,7
BRDA:173,3,0,1
DA:174,1
DA:194,2
FN:194,DSCEngine.mintDsc
FNDA:2,DSCEngine.mintDsc
DA:195,2
DA:197,2
DA:198,0
DA:199,0
BRDA:199,4,0,-
DA:200,0
DA:204,1
FN:204,DSCEngine.burnDsc
FNDA:1,DSCEngine.burnDsc
DA:205,0
DA:206,0
DA:220,1
FN:220,DSCEngine.liquidate
FNDA:1,DSCEngine.liquidate
DA:226,0
DA:227,0
BRDA:227,5,0,-
DA:228,0
DA:230,0
DA:231,0
DA:232,0
DA:233,0
DA:234,0
DA:236,0
DA:237,0
BRDA:237,6,0,-
DA:238,0
DA:241,0
DA:254,1
FN:254,DSCEngine._burnDsc
FNDA:1,DSCEngine._burnDsc
DA:255,1
DA:256,1
DA:257,1
BRDA:257,7,0,-
DA:258,0
DA:260,1
DA:263,0
FN:263,DSCEngine._redeemCollateral
FNDA:0,DSCEngine._redeemCollateral
DA:266,0
DA:267,0
DA:269,0
DA:270,0
BRDA:270,8,0,-
DA:271,0
DA:275,4
FN:275,DSCEngine._getAccountInformation
FNDA:4,DSCEngine._getAccountInformation
DA:280,4
DA:281,4
DA:288,2
FN:288,DSCEngine._healthFactor
FNDA:2,DSCEngine._healthFactor
DA:289,2
DA:290,2
DA:293,4
FN:293,DSCEngine._calculateHealthFactor
FNDA:4,DSCEngine._calculateHealthFactor
DA:298,4
DA:299,3
DA:300,3
DA:303,2
FN:303,DSCEngine._revertIgHealthFactorIsBroken
FNDA:2,DSCEngine._revertIgHealthFactorIsBroken
DA:304,2
DA:305,2
BRDA:305,10,0,2
DA:306,2
DA:313,2
FN:313,DSCEngine.calculateHealthFactor
FNDA:2,DSCEngine.calculateHealthFactor
DA:318,2
DA:321,1
FN:321,DSCEngine.getCollateralBalanceOfUser
FNDA:1,DSCEngine.getCollateralBalanceOfUser
DA:322,1
DA:325,1
FN:325,DSCEngine.getTokenAmountFromUsd
FNDA:1,DSCEngine.getTokenAmountFromUsd
DA:326,1
DA:327,1
DA:329,1
DA:332,1
FN:332,DSCEngine.getAccountCollateralValue
FNDA:1,DSCEngine.getAccountCollateralValue
DA:333,5
DA:334,0
DA:335,0
DA:336,0
DA:338,0
DA:341,3
FN:341,DSCEngine.getUsdValue
FNDA:3,DSCEngine.getUsdValue
DA:342,3
DA:343,3
DA:345,3
DA:346,3
DA:349,2
FN:349,DSCEngine.getAccountInformation
FNDA:2,DSCEngine.getAccountInformation
DA:354,2
DA:357,2
FN:357,DSCEngine.getPrecision
FNDA:2,DSCEngine.getPrecision
DA:358,2
DA:361,2
FN:361,DSCEngine.getAdditionalFeedPrecision
FNDA:2,DSCEngine.getAdditionalFeedPrecision
DA:362,2
DA:365,1
FN:365,DSCEngine.getLiquidationThreshold
FNDA:1,DSCEngine.getLiquidationThreshold
DA:366,1
DA:369,1
FN:369,DSCEngine.getLiquidationBonus
FNDA:1,DSCEngine.getLiquidationBonus
DA:370,1
DA:373,1
FN:373,DSCEngine.getLiquidationPrecision
FNDA:1,DSCEngine.getLiquidationPrecision
DA:374,1
DA:377,1
FN:377,DSCEngine.getMinHealthFactor
FNDA:1,DSCEngine.getMinHealthFactor
DA:378,1
DA:381,1
FN:381,DSCEngine.getCollateralTokens
FNDA:1,DSCEngine.getCollateralTokens
DA:382,1
DA:385,2
FN:385,DSCEngine.getDsc
FNDA:2,DSCEngine.getDsc
DA:386,2
DA:389,1
FN:389,DSCEngine.getCollateralTokenPriceFeed
FNDA:1,DSCEngine.getCollateralTokenPriceFeed
DA:390,1
FNF:31
FNH:30
LF:116
LH:83
BRF:10
BRH:5
end_of_record
TN:
SF:src/DecentralizedStableCoin.sol
DA:44,1
FN:44,DecentralizedStableCoin.burn
FNDA:1,DecentralizedStableCoin.burn
DA:45,1
DA:46,1
BRDA:46,0,0,1
DA:47,1
DA:49,0
BRDA:49,1,0,-
DA:50,0
DA:53,0
DA:56,0
FN:56,DecentralizedStableCoin.mint
FNDA:0,DecentralizedStableCoin.mint
DA:57,0
BRDA:57,2,0,-
DA:58,0
DA:60,0
BRDA:60,3,0,-
DA:61,0
DA:63,0
DA:64,0
FNF:2
FNH:1
LF:14
LH:4
BRF:4
BRH:1
end_of_record
TN:
SF:test/mocks/ERC20Mock.sol
DA:7,1
FN:7,ERC20Mock.constructor
FNDA:1,ERC20Mock.constructor
DA:11,1
DA:14,0
FN:14,ERC20Mock.mint
FNDA:0,ERC20Mock.mint
DA:15,0
DA:18,0
FN:18,ERC20Mock.burn
FNDA:0,ERC20Mock.burn
DA:19,0
DA:22,0
FN:22,ERC20Mock.transferInternal
FNDA:0,ERC20Mock.transferInternal
DA:23,0
DA:26,0
FN:26,ERC20Mock.approveInternal
FNDA:0,ERC20Mock.approveInternal
DA:27,0
FNF:5
FNH:1
LF:10
LH:2
BRF:0
BRH:0
end_of_record
TN:
SF:test/mocks/MockFailedMintDSC.sol
DA:22,0
FN:22,MockFailedMintDSC.burn
FNDA:0,MockFailedMintDSC.burn
DA:23,0
DA:24,0
BRDA:24,0,0,-
DA:25,0
DA:27,0
BRDA:27,1,0,-
DA:28,0
DA:30,0
DA:33,0
FN:33,MockFailedMintDSC.mint
FNDA:0,MockFailedMintDSC.mint
DA:34,0
BRDA:34,2,0,-
DA:35,0
DA:37,0
BRDA:37,3,0,-
DA:38,0
DA:40,0
DA:41,0
FNF:2
FNH:0
LF:14
LH:0
BRF:4
BRH:0
end_of_record
TN:
SF:test/mocks/MockFailedTransfer.sol
DA:22,0
FN:22,MockFailedTransfer.burn
FNDA:0,MockFailedTransfer.burn
DA:23,0
DA:24,0
BRDA:24,0,0,-
DA:25,0
DA:27,0
BRDA:27,1,0,-
DA:28,0
DA:30,0
DA:33,0
FN:33,MockFailedTransfer.mint
FNDA:0,MockFailedTransfer.mint
DA:34,0
DA:37,0
FN:37,MockFailedTransfer.transfer
FNDA:0,MockFailedTransfer.transfer
DA:38,0
FNF:3
FNH:0
LF:11
LH:0
BRF:2
BRH:0
end_of_record
TN:
SF:test/mocks/MockFailedTransferFrom.sol
DA:22,0
FN:22,MockFailedTransferFrom.burn
FNDA:0,MockFailedTransferFrom.burn
DA:23,0
DA:24,0
BRDA:24,0,0,-
DA:25,0
DA:27,0
BRDA:27,1,0,-
DA:28,0
DA:30,0
DA:33,1
FN:33,MockFailedTransferFrom.mint
FNDA:1,MockFailedTransferFrom.mint
DA:34,1
DA:37,1
FN:37,MockFailedTransferFrom.transferFrom
FNDA:1,MockFailedTransferFrom.transferFrom
DA:43,1
FNF:3
FNH:2
LF:11
LH:4
BRF:2
BRH:0
end_of_record
TN:
SF:test/mocks/MockMoreDebtDSC.sol
DA:58,0
FN:58,MockMoreDebtDSC.constructor
FNDA:0,MockMoreDebtDSC.constructor
DA:59,0
DA:62,0
FN:62,MockMoreDebtDSC.burn
FNDA:0,MockMoreDebtDSC.burn
DA:64,0
DA:65,0
DA:66,0
BRDA:66,0,0,-
DA:67,0
DA:69,0
BRDA:69,1,0,-
DA:70,0
DA:72,0
DA:75,0
FN:75,MockMoreDebtDSC.mint
FNDA:0,MockMoreDebtDSC.mint
DA:76,0
BRDA:76,2,0,-
DA:77,0
DA:79,0
BRDA:79,3,0,-
DA:80,0
DA:82,0
DA:83,0
FNF:3
FNH:0
LF:17
LH:0
BRF:4
BRH:0
end_of_record
TN:
SF:test/mocks/MockV3Aggregator.sol
DA:24,58
FN:24,MockV3Aggregator.constructor
FNDA:58,MockV3Aggregator.constructor
DA:25,58
DA:26,58
DA:29,58
FN:29,MockV3Aggregator.updateAnswer
FNDA:58,MockV3Aggregator.updateAnswer
DA:30,58
DA:31,58
DA:32,58
DA:33,58
DA:34,58
DA:35,58
DA:38,0
FN:38,MockV3Aggregator.updateRoundData
FNDA:0,MockV3Aggregator.updateRoundData
DA:39,0
DA:40,0
DA:41,0
DA:42,0
DA:43,0
DA:44,0
DA:47,0
FN:47,MockV3Aggregator.getRoundData
FNDA:0,MockV3Aggregator.getRoundData
DA:52,0
DA:55,5
FN:55,MockV3Aggregator.latestRoundData
FNDA:5,MockV3Aggregator.latestRoundData
DA:60,5
DA:69,0
FN:69,MockV3Aggregator.description
FNDA:0,MockV3Aggregator.description
DA:70,0
FNF:6
FNH:3
LF:23
LH:12
BRF:0
BRH:0
end_of_record
